<?xml version="1.0" encoding="UTF-8"?><testsuite errors="0" failures="0" name="YourLogo" skipped="0" tests="6" time="84.04" timestamp="2021-11-13 01:41:12"><testcase name="1. Validar ingreso a la opcion mujeres"/><testcase name="2. Validar ingreso a la opcion vestidos"/><testcase name="3. Validar ingreso a la opcion camisas"/><testcase name="4. Validar ingreso a la opcion vestidos casuales"/><testcase name="5. Validar ingreso a la opcion vestidos de noche"/><testcase name="6. Validar ingreso a la opcion vestidos de verano"/></testsuite>